
  .   ____          _            __ _ _
 /\\ / ___'_ __ _ _(_)_ __  __ _ \ \ \ \
( ( )\___ | '_ | '_| | '_ \/ _` | \ \ \ \
 \\/  ___)| |_)| | | | | || (_| |  ) ) ) )
  '  |____| .__|_| |_|_| |_\__, | / / / /
 =========|_|==============|___/=/_/_/_/

 :: Spring Boot ::                (v3.4.4)

2025-11-06T04:43:26.206+05:30  INFO 48753 --- [tickets] [           main] c.capstone.tickets.TicketsApplication    : Starting TicketsApplication v0.0.1-SNAPSHOT using Java 23.0.2 with PID 48753 (/Users/amitabhanath/Documents/Booking-Site/backend/target/tickets-0.0.1-SNAPSHOT.jar started by amitabhanath in /Users/amitabhanath/Documents/Booking-Site)
2025-11-06T04:43:26.207+05:30  INFO 48753 --- [tickets] [           main] c.capstone.tickets.TicketsApplication    : No active profile set, falling back to 1 default profile: "default"
2025-11-06T04:43:26.801+05:30  INFO 48753 --- [tickets] [           main] .s.d.r.c.RepositoryConfigurationDelegate : Bootstrapping Spring Data JPA repositories in DEFAULT mode.
2025-11-06T04:43:26.849+05:30  INFO 48753 --- [tickets] [           main] .s.d.r.c.RepositoryConfigurationDelegate : Finished Spring Data repository scanning in 42 ms. Found 6 JPA repository interfaces.
2025-11-06T04:43:27.463+05:30  INFO 48753 --- [tickets] [           main] o.s.b.w.embedded.tomcat.TomcatWebServer  : Tomcat initialized with port 8080 (http)
2025-11-06T04:43:27.487+05:30  INFO 48753 --- [tickets] [           main] o.apache.catalina.core.StandardService   : Starting service [Tomcat]
2025-11-06T04:43:27.487+05:30  INFO 48753 --- [tickets] [           main] o.apache.catalina.core.StandardEngine    : Starting Servlet engine: [Apache Tomcat/10.1.39]
2025-11-06T04:43:27.514+05:30  INFO 48753 --- [tickets] [           main] o.a.c.c.C.[Tomcat].[localhost].[/]       : Initializing Spring embedded WebApplicationContext
2025-11-06T04:43:27.515+05:30  INFO 48753 --- [tickets] [           main] w.s.c.ServletWebServerApplicationContext : Root WebApplicationContext: initialization completed in 1242 ms
2025-11-06T04:43:27.625+05:30  INFO 48753 --- [tickets] [           main] o.hibernate.jpa.internal.util.LogHelper  : HHH000204: Processing PersistenceUnitInfo [name: default]
2025-11-06T04:43:27.663+05:30  INFO 48753 --- [tickets] [           main] org.hibernate.Version                    : HHH000412: Hibernate ORM core version 6.6.11.Final
2025-11-06T04:43:27.684+05:30  INFO 48753 --- [tickets] [           main] o.h.c.internal.RegionFactoryInitiator    : HHH000026: Second-level cache disabled
2025-11-06T04:43:28.275+05:30  INFO 48753 --- [tickets] [           main] o.s.o.j.p.SpringPersistenceUnitInfo      : No LoadTimeWeaver setup: ignoring JPA class transformer
2025-11-06T04:43:28.294+05:30  INFO 48753 --- [tickets] [           main] com.zaxxer.hikari.HikariDataSource       : HikariPool-1 - Starting...
2025-11-06T04:43:28.650+05:30  INFO 48753 --- [tickets] [           main] com.zaxxer.hikari.pool.HikariPool        : HikariPool-1 - Added connection org.postgresql.jdbc.PgConnection@3c62be3c
2025-11-06T04:43:28.651+05:30  INFO 48753 --- [tickets] [           main] com.zaxxer.hikari.HikariDataSource       : HikariPool-1 - Start completed.
2025-11-06T04:43:28.698+05:30  WARN 48753 --- [tickets] [           main] org.hibernate.orm.deprecation            : HHH90000025: PostgreSQLDialect does not need to be specified explicitly using 'hibernate.dialect' (remove the property setting and it will be selected by default)
2025-11-06T04:43:28.712+05:30  INFO 48753 --- [tickets] [           main] org.hibernate.orm.connections.pooling    : HHH10001005: Database info:
	Database JDBC URL [Connecting through datasource 'HikariDataSource (HikariPool-1)']
	Database driver: undefined/unknown
	Database version: 17.6
	Autocommit mode: undefined/unknown
	Isolation level: undefined/unknown
	Minimum pool size: undefined/unknown
	Maximum pool size: undefined/unknown
2025-11-06T04:43:29.411+05:30  INFO 48753 --- [tickets] [           main] o.h.e.t.j.p.i.JtaPlatformInitiator       : HHH000489: No JTA platform available (set 'hibernate.transaction.jta.platform' to enable JTA platform integration)
2025-11-06T04:43:30.206+05:30  INFO 48753 --- [tickets] [           main] j.LocalContainerEntityManagerFactoryBean : Initialized JPA EntityManagerFactory for persistence unit 'default'
2025-11-06T04:43:30.543+05:30  INFO 48753 --- [tickets] [           main] o.s.d.j.r.query.QueryEnhancerFactory     : Hibernate is in classpath; If applicable, HQL parser will be used.
2025-11-06T04:43:31.153+05:30  WARN 48753 --- [tickets] [           main] JpaBaseConfiguration$JpaWebConfiguration : spring.jpa.open-in-view is enabled by default. Therefore, database queries may be performed during view rendering. Explicitly configure spring.jpa.open-in-view to disable this warning
2025-11-06T04:43:31.515+05:30  INFO 48753 --- [tickets] [           main] o.s.b.w.embedded.tomcat.TomcatWebServer  : Tomcat started on port 8080 (http) with context path '/'
2025-11-06T04:43:31.521+05:30  INFO 48753 --- [tickets] [           main] c.capstone.tickets.TicketsApplication    : Started TicketsApplication in 5.714 seconds (process running for 7.019)
2025-11-06T04:43:36.472+05:30  INFO 48753 --- [tickets] [nio-8080-exec-1] o.a.c.c.C.[Tomcat].[localhost].[/]       : Initializing Spring DispatcherServlet 'dispatcherServlet'
2025-11-06T04:43:36.478+05:30  INFO 48753 --- [tickets] [nio-8080-exec-1] o.s.web.servlet.DispatcherServlet        : Initializing Servlet 'dispatcherServlet'
2025-11-06T04:43:36.487+05:30  INFO 48753 --- [tickets] [nio-8080-exec-1] o.s.web.servlet.DispatcherServlet        : Completed initialization in 9 ms
2025-11-06T04:44:17.833+05:30  INFO 48753 --- [tickets] [nio-8080-exec-4] c.c.tickets.controllers.AuthController   : Received registration request for username: finaltest-organizer
2025-11-06T04:44:17.879+05:30  INFO 48753 --- [tickets] [nio-8080-exec-4] c.capstone.tickets.services.AuthService  : Attempting to register new user: finaltest-organizer
2025-11-06T04:44:19.084+05:30  INFO 48753 --- [tickets] [nio-8080-exec-4] c.c.tickets.services.KeycloakService     : Successfully created Keycloak user: finaltest-organizer with ID: 3c7e0dcc-6a3f-4ef3-8b12-77ea8f29bb73
2025-11-06T04:44:20.449+05:30  WARN 48753 --- [tickets] [nio-8080-exec-4] c.c.tickets.services.KeycloakService     : Keycloak assigned different ID 78379181-d29d-4e2a-b8c6-3f00f5cac2f5 instead of requested ID 3c7e0dcc-6a3f-4ef3-8b12-77ea8f29bb73 for user finaltest-organizer
2025-11-06T04:44:20.489+05:30  INFO 48753 --- [tickets] [nio-8080-exec-4] c.c.tickets.services.KeycloakService     : Successfully assigned role ROLE_ORGANIZER to user 78379181-d29d-4e2a-b8c6-3f00f5cac2f5
Hibernate: 
    select
        u1_0.id,
        u1_0.created_at,
        u1_0.email,
        u1_0.name,
        u1_0.role,
        u1_0.updated_at,
        oe1_0.organizer_id,
        oe1_0.id,
        oe1_0.created_at,
        oe1_0.event_end,
        oe1_0.name,
        oe1_0.sales_end,
        oe1_0.sales_start,
        oe1_0.event_start,
        oe1_0.status,
        oe1_0.updated_at,
        oe1_0.venue 
    from
        users u1_0 
    left join
        events oe1_0 
            on u1_0.id=oe1_0.organizer_id 
    where
        u1_0.id=?
2025-11-06T04:44:20.685+05:30  INFO 48753 --- [tickets] [nio-8080-exec-4] c.capstone.tickets.services.AuthService  : Successfully registered user: finaltest-organizer with ID: 78379181-d29d-4e2a-b8c6-3f00f5cac2f5 and role: ORGANIZER
Hibernate: 
    insert 
    into
        users
        (created_at, email, name, role, updated_at, id) 
    values
        (?, ?, ?, ?, ?, ?)
Hibernate: 
    select
        e1_0.id,
        e1_0.created_at,
        e1_0.event_end,
        e1_0.name,
        e1_0.organizer_id,
        e1_0.sales_end,
        e1_0.sales_start,
        e1_0.event_start,
        e1_0.status,
        e1_0.updated_at,
        e1_0.venue 
    from
        events e1_0 
    where
        e1_0.status=? 
    fetch
        first ? rows only
2025-11-06T04:45:15.890+05:30  WARN 48753 --- [tickets] [nio-8080-exec-6] ration$PageModule$WarningLoggingModifier : Serializing PageImpl instances as-is is not supported, meaning that there is no guarantee about the stability of the resulting JSON structure!
	For a stable JSON structure, please use Spring Data's PagedModel (globally via @EnableSpringDataWebSupport(pageSerializationMode = VIA_DTO))
	or Spring HATEOAS and Spring Data's PagedResourcesAssembler as documented in https://docs.spring.io/spring-data/commons/reference/repositories/core-extensions.html#core.web.pageables.

Hibernate: 
    select
        e1_0.id,
        e1_0.created_at,
        e1_0.event_end,
        e1_0.name,
        e1_0.organizer_id,
        e1_0.sales_end,
        e1_0.sales_start,
        e1_0.event_start,
        e1_0.status,
        e1_0.updated_at,
        e1_0.venue 
    from
        events e1_0 
    where
        e1_0.status=? 
    fetch
        first ? rows only
Hibernate: 
    select
        e1_0.id,
        e1_0.created_at,
        e1_0.event_end,
        e1_0.name,
        e1_0.organizer_id,
        e1_0.sales_end,
        e1_0.sales_start,
        e1_0.event_start,
        e1_0.status,
        e1_0.updated_at,
        e1_0.venue 
    from
        events e1_0 
    where
        e1_0.status=? 
    fetch
        first ? rows only
Hibernate: 
    select
        e1_0.id,
        e1_0.created_at,
        e1_0.event_end,
        e1_0.name,
        e1_0.organizer_id,
        e1_0.sales_end,
        e1_0.sales_start,
        e1_0.event_start,
        e1_0.status,
        e1_0.updated_at,
        e1_0.venue 
    from
        events e1_0 
    where
        e1_0.status=? 
    fetch
        first ? rows only
2025-11-06T04:46:07.830+05:30  INFO 48753 --- [tickets] [nio-8080-exec-1] c.c.tickets.controllers.AuthController   : Received registration request for username: obiwanofshinobi
2025-11-06T04:46:07.869+05:30  INFO 48753 --- [tickets] [nio-8080-exec-1] c.capstone.tickets.services.AuthService  : Attempting to register new user: obiwanofshinobi
2025-11-06T04:46:08.884+05:30  INFO 48753 --- [tickets] [nio-8080-exec-1] c.c.tickets.services.KeycloakService     : Successfully created Keycloak user: obiwanofshinobi with ID: 4c562f41-efd7-4591-abf3-808fabe478d7
2025-11-06T04:46:10.031+05:30  WARN 48753 --- [tickets] [nio-8080-exec-1] c.c.tickets.services.KeycloakService     : Keycloak assigned different ID 625cd546-2602-4c50-a7d9-9706ef5dace7 instead of requested ID 4c562f41-efd7-4591-abf3-808fabe478d7 for user obiwanofshinobi
2025-11-06T04:46:10.142+05:30  INFO 48753 --- [tickets] [nio-8080-exec-1] c.c.tickets.services.KeycloakService     : Successfully assigned role ROLE_ORGANIZER to user 625cd546-2602-4c50-a7d9-9706ef5dace7
Hibernate: 
    select
        u1_0.id,
        u1_0.created_at,
        u1_0.email,
        u1_0.name,
        u1_0.role,
        u1_0.updated_at,
        oe1_0.organizer_id,
        oe1_0.id,
        oe1_0.created_at,
        oe1_0.event_end,
        oe1_0.name,
        oe1_0.sales_end,
        oe1_0.sales_start,
        oe1_0.event_start,
        oe1_0.status,
        oe1_0.updated_at,
        oe1_0.venue 
    from
        users u1_0 
    left join
        events oe1_0 
            on u1_0.id=oe1_0.organizer_id 
    where
        u1_0.id=?
2025-11-06T04:46:10.180+05:30  INFO 48753 --- [tickets] [nio-8080-exec-1] c.capstone.tickets.services.AuthService  : Successfully registered user: obiwanofshinobi with ID: 625cd546-2602-4c50-a7d9-9706ef5dace7 and role: ORGANIZER
Hibernate: 
    insert 
    into
        users
        (created_at, email, name, role, updated_at, id) 
    values
        (?, ?, ?, ?, ?, ?)
Hibernate: 
    select
        u1_0.id,
        u1_0.created_at,
        u1_0.email,
        u1_0.name,
        u1_0.role,
        u1_0.updated_at 
    from
        users u1_0 
    where
        u1_0.id=?
Hibernate: 
    select
        count(*) 
    from
        users u1_0 
    where
        u1_0.id=?
Hibernate: 
    select
        e1_0.id,
        e1_0.created_at,
        e1_0.event_end,
        e1_0.name,
        e1_0.organizer_id,
        e1_0.sales_end,
        e1_0.sales_start,
        e1_0.event_start,
        e1_0.status,
        e1_0.updated_at,
        e1_0.venue 
    from
        events e1_0 
    left join
        users o1_0 
            on o1_0.id=e1_0.organizer_id 
    where
        o1_0.id=? 
    fetch
        first ? rows only
Hibernate: 
    select
        u1_0.id,
        u1_0.created_at,
        u1_0.email,
        u1_0.name,
        u1_0.role,
        u1_0.updated_at 
    from
        users u1_0 
    where
        u1_0.id=?
Hibernate: 
    select
        count(*) 
    from
        users u1_0 
    where
        u1_0.id=?
Hibernate: 
    select
        e1_0.id,
        e1_0.created_at,
        e1_0.event_end,
        e1_0.name,
        e1_0.organizer_id,
        e1_0.sales_end,
        e1_0.sales_start,
        e1_0.event_start,
        e1_0.status,
        e1_0.updated_at,
        e1_0.venue 
    from
        events e1_0 
    left join
        users o1_0 
            on o1_0.id=e1_0.organizer_id 
    where
        o1_0.id=? 
    fetch
        first ? rows only
