
  .   ____          _            __ _ _
 /\\ / ___'_ __ _ _(_)_ __  __ _ \ \ \ \
( ( )\___ | '_ | '_| | '_ \/ _` | \ \ \ \
 \\/  ___)| |_)| | | | | || (_| |  ) ) ) )
  '  |____| .__|_| |_|_| |_\__, | / / / /
 =========|_|==============|___/=/_/_/_/

 :: Spring Boot ::                (v3.4.4)

2025-11-06T19:00:51.307+05:30  INFO 41452 --- [tickets] [           main] c.capstone.tickets.TicketsApplication    : Starting TicketsApplication v0.0.1-SNAPSHOT using Java 23.0.2 with PID 41452 (/Users/amitabhanath/Documents/Booking-Site/backend/target/tickets-0.0.1-SNAPSHOT.jar started by amitabhanath in /Users/amitabhanath/Documents/Booking-Site/backend)
2025-11-06T19:00:51.313+05:30  INFO 41452 --- [tickets] [           main] c.capstone.tickets.TicketsApplication    : No active profile set, falling back to 1 default profile: "default"
2025-11-06T19:00:52.030+05:30  INFO 41452 --- [tickets] [           main] .s.d.r.c.RepositoryConfigurationDelegate : Bootstrapping Spring Data JPA repositories in DEFAULT mode.
2025-11-06T19:00:52.077+05:30  INFO 41452 --- [tickets] [           main] .s.d.r.c.RepositoryConfigurationDelegate : Finished Spring Data repository scanning in 39 ms. Found 7 JPA repository interfaces.
2025-11-06T19:00:52.491+05:30  INFO 41452 --- [tickets] [           main] o.s.b.w.embedded.tomcat.TomcatWebServer  : Tomcat initialized with port 8080 (http)
2025-11-06T19:00:52.508+05:30  INFO 41452 --- [tickets] [           main] o.apache.catalina.core.StandardService   : Starting service [Tomcat]
2025-11-06T19:00:52.508+05:30  INFO 41452 --- [tickets] [           main] o.apache.catalina.core.StandardEngine    : Starting Servlet engine: [Apache Tomcat/10.1.39]
2025-11-06T19:00:52.523+05:30  INFO 41452 --- [tickets] [           main] o.a.c.c.C.[Tomcat].[localhost].[/]       : Initializing Spring embedded WebApplicationContext
2025-11-06T19:00:52.524+05:30  INFO 41452 --- [tickets] [           main] w.s.c.ServletWebServerApplicationContext : Root WebApplicationContext: initialization completed in 1145 ms
2025-11-06T19:00:52.604+05:30  INFO 41452 --- [tickets] [           main] o.hibernate.jpa.internal.util.LogHelper  : HHH000204: Processing PersistenceUnitInfo [name: default]
2025-11-06T19:00:52.638+05:30  INFO 41452 --- [tickets] [           main] org.hibernate.Version                    : HHH000412: Hibernate ORM core version 6.6.11.Final
2025-11-06T19:00:52.656+05:30  INFO 41452 --- [tickets] [           main] o.h.c.internal.RegionFactoryInitiator    : HHH000026: Second-level cache disabled
2025-11-06T19:00:53.186+05:30  INFO 41452 --- [tickets] [           main] o.s.o.j.p.SpringPersistenceUnitInfo      : No LoadTimeWeaver setup: ignoring JPA class transformer
2025-11-06T19:00:53.211+05:30  INFO 41452 --- [tickets] [           main] com.zaxxer.hikari.HikariDataSource       : HikariPool-1 - Starting...
2025-11-06T19:00:53.439+05:30  INFO 41452 --- [tickets] [           main] com.zaxxer.hikari.pool.HikariPool        : HikariPool-1 - Added connection org.postgresql.jdbc.PgConnection@67ecf7ed
2025-11-06T19:00:53.439+05:30  INFO 41452 --- [tickets] [           main] com.zaxxer.hikari.HikariDataSource       : HikariPool-1 - Start completed.
2025-11-06T19:00:53.484+05:30  WARN 41452 --- [tickets] [           main] org.hibernate.orm.deprecation            : HHH90000025: PostgreSQLDialect does not need to be specified explicitly using 'hibernate.dialect' (remove the property setting and it will be selected by default)
2025-11-06T19:00:53.496+05:30  INFO 41452 --- [tickets] [           main] org.hibernate.orm.connections.pooling    : HHH10001005: Database info:
	Database JDBC URL [Connecting through datasource 'HikariDataSource (HikariPool-1)']
	Database driver: undefined/unknown
	Database version: 17.6
	Autocommit mode: undefined/unknown
	Isolation level: undefined/unknown
	Minimum pool size: undefined/unknown
	Maximum pool size: undefined/unknown
2025-11-06T19:00:54.251+05:30  INFO 41452 --- [tickets] [           main] o.h.e.t.j.p.i.JtaPlatformInitiator       : HHH000489: No JTA platform available (set 'hibernate.transaction.jta.platform' to enable JTA platform integration)
2025-11-06T19:00:55.005+05:30  INFO 41452 --- [tickets] [           main] j.LocalContainerEntityManagerFactoryBean : Initialized JPA EntityManagerFactory for persistence unit 'default'
2025-11-06T19:00:55.327+05:30  INFO 41452 --- [tickets] [           main] o.s.d.j.r.query.QueryEnhancerFactory     : Hibernate is in classpath; If applicable, HQL parser will be used.
2025-11-06T19:00:55.948+05:30  WARN 41452 --- [tickets] [           main] JpaBaseConfiguration$JpaWebConfiguration : spring.jpa.open-in-view is enabled by default. Therefore, database queries may be performed during view rendering. Explicitly configure spring.jpa.open-in-view to disable this warning
2025-11-06T19:00:56.267+05:30  INFO 41452 --- [tickets] [           main] o.s.b.w.embedded.tomcat.TomcatWebServer  : Tomcat started on port 8080 (http) with context path '/'
2025-11-06T19:00:56.274+05:30  INFO 41452 --- [tickets] [           main] c.capstone.tickets.TicketsApplication    : Started TicketsApplication in 5.396 seconds (process running for 6.488)
2025-11-06T19:01:18.954+05:30  INFO 41452 --- [tickets] [nio-8080-exec-1] o.a.c.c.C.[Tomcat].[localhost].[/]       : Initializing Spring DispatcherServlet 'dispatcherServlet'
2025-11-06T19:01:18.955+05:30  INFO 41452 --- [tickets] [nio-8080-exec-1] o.s.web.servlet.DispatcherServlet        : Initializing Servlet 'dispatcherServlet'
2025-11-06T19:01:18.957+05:30  INFO 41452 --- [tickets] [nio-8080-exec-1] o.s.web.servlet.DispatcherServlet        : Completed initialization in 2 ms
2025-11-06T19:01:56.463+05:30  INFO 41452 --- [tickets] [nio-8080-exec-4] c.c.tickets.controllers.AuthController   : Received reset password request
2025-11-06T19:01:56.481+05:30  INFO 41452 --- [tickets] [nio-8080-exec-4] c.capstone.tickets.services.AuthService  : Attempting to reset password with token
Hibernate: 
    select
        prt1_0.id,
        prt1_0.created_at,
        prt1_0.email,
        prt1_0.expiry_date,
        prt1_0.token,
        prt1_0.used 
    from
        password_reset_tokens prt1_0 
    where
        prt1_0.token=?
2025-11-06T19:01:56.589+05:30 ERROR 41452 --- [tickets] [nio-8080-exec-4] c.c.tickets.controllers.AuthController   : Password reset failed

java.lang.RuntimeException: Invalid or expired reset token
	at com.capstone.tickets.services.AuthService.lambda$resetPassword$0(AuthService.java:125) ~[!/:0.0.1-SNAPSHOT]
	at java.base/java.util.Optional.orElseThrow(Optional.java:403) ~[na:na]
	at com.capstone.tickets.services.AuthService.resetPassword(AuthService.java:125) ~[!/:0.0.1-SNAPSHOT]
	at java.base/jdk.internal.reflect.DirectMethodHandleAccessor.invoke(DirectMethodHandleAccessor.java:103) ~[na:na]
	at java.base/java.lang.reflect.Method.invoke(Method.java:580) ~[na:na]
	at org.springframework.aop.support.AopUtils.invokeJoinpointUsingReflection(AopUtils.java:359) ~[spring-aop-6.2.5.jar!/:6.2.5]
	at org.springframework.aop.framework.ReflectiveMethodInvocation.invokeJoinpoint(ReflectiveMethodInvocation.java:196) ~[spring-aop-6.2.5.jar!/:6.2.5]
	at org.springframework.aop.framework.ReflectiveMethodInvocation.proceed(ReflectiveMethodInvocation.java:163) ~[spring-aop-6.2.5.jar!/:6.2.5]
	at org.springframework.transaction.interceptor.TransactionAspectSupport.invokeWithinTransaction(TransactionAspectSupport.java:380) ~[spring-tx-6.2.5.jar!/:6.2.5]
	at org.springframework.transaction.interceptor.TransactionInterceptor.invoke(TransactionInterceptor.java:119) ~[spring-tx-6.2.5.jar!/:6.2.5]
	at org.springframework.aop.framework.ReflectiveMethodInvocation.proceed(ReflectiveMethodInvocation.java:184) ~[spring-aop-6.2.5.jar!/:6.2.5]
	at org.springframework.aop.framework.CglibAopProxy$DynamicAdvisedInterceptor.intercept(CglibAopProxy.java:727) ~[spring-aop-6.2.5.jar!/:6.2.5]
	at com.capstone.tickets.services.AuthService$$SpringCGLIB$$0.resetPassword(<generated>) ~[!/:0.0.1-SNAPSHOT]
	at com.capstone.tickets.controllers.AuthController.resetPassword(AuthController.java:77) ~[!/:0.0.1-SNAPSHOT]
	at java.base/jdk.internal.reflect.DirectMethodHandleAccessor.invoke(DirectMethodHandleAccessor.java:103) ~[na:na]
	at java.base/java.lang.reflect.Method.invoke(Method.java:580) ~[na:na]
	at org.springframework.web.method.support.InvocableHandlerMethod.doInvoke(InvocableHandlerMethod.java:258) ~[spring-web-6.2.5.jar!/:6.2.5]
	at org.springframework.web.method.support.InvocableHandlerMethod.invokeForRequest(InvocableHandlerMethod.java:191) ~[spring-web-6.2.5.jar!/:6.2.5]
	at org.springframework.web.servlet.mvc.method.annotation.ServletInvocableHandlerMethod.invokeAndHandle(ServletInvocableHandlerMethod.java:118) ~[spring-webmvc-6.2.5.jar!/:6.2.5]
	at org.springframework.web.servlet.mvc.method.annotation.RequestMappingHandlerAdapter.invokeHandlerMethod(RequestMappingHandlerAdapter.java:986) ~[spring-webmvc-6.2.5.jar!/:6.2.5]
	at org.springframework.web.servlet.mvc.method.annotation.RequestMappingHandlerAdapter.handleInternal(RequestMappingHandlerAdapter.java:891) ~[spring-webmvc-6.2.5.jar!/:6.2.5]
	at org.springframework.web.servlet.mvc.method.AbstractHandlerMethodAdapter.handle(AbstractHandlerMethodAdapter.java:87) ~[spring-webmvc-6.2.5.jar!/:6.2.5]
	at org.springframework.web.servlet.DispatcherServlet.doDispatch(DispatcherServlet.java:1089) ~[spring-webmvc-6.2.5.jar!/:6.2.5]
	at org.springframework.web.servlet.DispatcherServlet.doService(DispatcherServlet.java:979) ~[spring-webmvc-6.2.5.jar!/:6.2.5]
	at org.springframework.web.servlet.FrameworkServlet.processRequest(FrameworkServlet.java:1014) ~[spring-webmvc-6.2.5.jar!/:6.2.5]
	at org.springframework.web.servlet.FrameworkServlet.doPost(FrameworkServlet.java:914) ~[spring-webmvc-6.2.5.jar!/:6.2.5]
	at jakarta.servlet.http.HttpServlet.service(HttpServlet.java:590) ~[tomcat-embed-core-10.1.39.jar!/:na]
	at org.springframework.web.servlet.FrameworkServlet.service(FrameworkServlet.java:885) ~[spring-webmvc-6.2.5.jar!/:6.2.5]
	at jakarta.servlet.http.HttpServlet.service(HttpServlet.java:658) ~[tomcat-embed-core-10.1.39.jar!/:na]
	at org.apache.catalina.core.ApplicationFilterChain.internalDoFilter(ApplicationFilterChain.java:195) ~[tomcat-embed-core-10.1.39.jar!/:na]
	at org.apache.catalina.core.ApplicationFilterChain.doFilter(ApplicationFilterChain.java:140) ~[tomcat-embed-core-10.1.39.jar!/:na]
	at org.apache.tomcat.websocket.server.WsFilter.doFilter(WsFilter.java:51) ~[tomcat-embed-websocket-10.1.39.jar!/:na]
	at org.apache.catalina.core.ApplicationFilterChain.internalDoFilter(ApplicationFilterChain.java:164) ~[tomcat-embed-core-10.1.39.jar!/:na]
	at org.apache.catalina.core.ApplicationFilterChain.doFilter(ApplicationFilterChain.java:140) ~[tomcat-embed-core-10.1.39.jar!/:na]
	at org.springframework.web.filter.OncePerRequestFilter.doFilter(OncePerRequestFilter.java:110) ~[spring-web-6.2.5.jar!/:6.2.5]
	at org.apache.catalina.core.ApplicationFilterChain.internalDoFilter(ApplicationFilterChain.java:164) ~[tomcat-embed-core-10.1.39.jar!/:na]
	at org.apache.catalina.core.ApplicationFilterChain.doFilter(ApplicationFilterChain.java:140) ~[tomcat-embed-core-10.1.39.jar!/:na]
	at org.springframework.web.filter.CompositeFilter$VirtualFilterChain.doFilter(CompositeFilter.java:108) ~[spring-web-6.2.5.jar!/:6.2.5]
	at org.springframework.security.web.FilterChainProxy.lambda$doFilterInternal$3(FilterChainProxy.java:231) ~[spring-security-web-6.4.4.jar!/:6.4.4]
	at org.springframework.security.web.FilterChainProxy$VirtualFilterChain.doFilter(FilterChainProxy.java:365) ~[spring-security-web-6.4.4.jar!/:6.4.4]
	at org.springframework.security.web.access.intercept.AuthorizationFilter.doFilter(AuthorizationFilter.java:101) ~[spring-security-web-6.4.4.jar!/:6.4.4]
	at org.springframework.security.web.FilterChainProxy$VirtualFilterChain.doFilter(FilterChainProxy.java:374) ~[spring-security-web-6.4.4.jar!/:6.4.4]
	at org.springframework.security.web.access.ExceptionTranslationFilter.doFilter(ExceptionTranslationFilter.java:126) ~[spring-security-web-6.4.4.jar!/:6.4.4]
	at org.springframework.security.web.access.ExceptionTranslationFilter.doFilter(ExceptionTranslationFilter.java:120) ~[spring-security-web-6.4.4.jar!/:6.4.4]
	at org.springframework.security.web.FilterChainProxy$VirtualFilterChain.doFilter(FilterChainProxy.java:374) ~[spring-security-web-6.4.4.jar!/:6.4.4]
	at org.springframework.security.web.session.SessionManagementFilter.doFilter(SessionManagementFilter.java:131) ~[spring-security-web-6.4.4.jar!/:6.4.4]
	at org.springframework.security.web.session.SessionManagementFilter.doFilter(SessionManagementFilter.java:85) ~[spring-security-web-6.4.4.jar!/:6.4.4]
	at org.springframework.security.web.FilterChainProxy$VirtualFilterChain.doFilter(FilterChainProxy.java:374) ~[spring-security-web-6.4.4.jar!/:6.4.4]
	at org.springframework.security.web.authentication.AnonymousAuthenticationFilter.doFilter(AnonymousAuthenticationFilter.java:100) ~[spring-security-web-6.4.4.jar!/:6.4.4]
	at org.springframework.security.web.FilterChainProxy$VirtualFilterChain.doFilter(FilterChainProxy.java:374) ~[spring-security-web-6.4.4.jar!/:6.4.4]
	at org.springframework.security.web.servletapi.SecurityContextHolderAwareRequestFilter.doFilter(SecurityContextHolderAwareRequestFilter.java:179) ~[spring-security-web-6.4.4.jar!/:6.4.4]
	at org.springframework.security.web.FilterChainProxy$VirtualFilterChain.doFilter(FilterChainProxy.java:374) ~[spring-security-web-6.4.4.jar!/:6.4.4]
	at org.springframework.security.web.savedrequest.RequestCacheAwareFilter.doFilter(RequestCacheAwareFilter.java:63) ~[spring-security-web-6.4.4.jar!/:6.4.4]
	at org.springframework.security.web.FilterChainProxy$VirtualFilterChain.doFilter(FilterChainProxy.java:374) ~[spring-security-web-6.4.4.jar!/:6.4.4]
	at com.capstone.tickets.filters.UserProvisioningFilter.doFilterInternal(UserProvisioningFilter.java:75) ~[!/:0.0.1-SNAPSHOT]
	at org.springframework.web.filter.OncePerRequestFilter.doFilter(OncePerRequestFilter.java:116) ~[spring-web-6.2.5.jar!/:6.2.5]
	at org.springframework.security.web.FilterChainProxy$VirtualFilterChain.doFilter(FilterChainProxy.java:374) ~[spring-security-web-6.4.4.jar!/:6.4.4]
	at org.springframework.security.oauth2.server.resource.web.authentication.BearerTokenAuthenticationFilter.doFilterInternal(BearerTokenAuthenticationFilter.java:128) ~[spring-security-oauth2-resource-server-6.4.4.jar!/:6.4.4]
	at org.springframework.web.filter.OncePerRequestFilter.doFilter(OncePerRequestFilter.java:116) ~[spring-web-6.2.5.jar!/:6.2.5]
	at org.springframework.security.web.FilterChainProxy$VirtualFilterChain.doFilter(FilterChainProxy.java:374) ~[spring-security-web-6.4.4.jar!/:6.4.4]
	at org.springframework.security.web.authentication.logout.LogoutFilter.doFilter(LogoutFilter.java:107) ~[spring-security-web-6.4.4.jar!/:6.4.4]
	at org.springframework.security.web.authentication.logout.LogoutFilter.doFilter(LogoutFilter.java:93) ~[spring-security-web-6.4.4.jar!/:6.4.4]
	at org.springframework.security.web.FilterChainProxy$VirtualFilterChain.doFilter(FilterChainProxy.java:374) ~[spring-security-web-6.4.4.jar!/:6.4.4]
	at org.springframework.security.web.header.HeaderWriterFilter.doHeadersAfter(HeaderWriterFilter.java:90) ~[spring-security-web-6.4.4.jar!/:6.4.4]
	at org.springframework.security.web.header.HeaderWriterFilter.doFilterInternal(HeaderWriterFilter.java:75) ~[spring-security-web-6.4.4.jar!/:6.4.4]
	at org.springframework.web.filter.OncePerRequestFilter.doFilter(OncePerRequestFilter.java:116) ~[spring-web-6.2.5.jar!/:6.2.5]
	at org.springframework.security.web.FilterChainProxy$VirtualFilterChain.doFilter(FilterChainProxy.java:374) ~[spring-security-web-6.4.4.jar!/:6.4.4]
	at org.springframework.security.web.context.SecurityContextHolderFilter.doFilter(SecurityContextHolderFilter.java:82) ~[spring-security-web-6.4.4.jar!/:6.4.4]
	at org.springframework.security.web.context.SecurityContextHolderFilter.doFilter(SecurityContextHolderFilter.java:69) ~[spring-security-web-6.4.4.jar!/:6.4.4]
	at org.springframework.security.web.FilterChainProxy$VirtualFilterChain.doFilter(FilterChainProxy.java:374) ~[spring-security-web-6.4.4.jar!/:6.4.4]
	at org.springframework.security.web.context.request.async.WebAsyncManagerIntegrationFilter.doFilterInternal(WebAsyncManagerIntegrationFilter.java:62) ~[spring-security-web-6.4.4.jar!/:6.4.4]
	at org.springframework.web.filter.OncePerRequestFilter.doFilter(OncePerRequestFilter.java:116) ~[spring-web-6.2.5.jar!/:6.2.5]
	at org.springframework.security.web.FilterChainProxy$VirtualFilterChain.doFilter(FilterChainProxy.java:374) ~[spring-security-web-6.4.4.jar!/:6.4.4]
	at org.springframework.security.web.session.DisableEncodeUrlFilter.doFilterInternal(DisableEncodeUrlFilter.java:42) ~[spring-security-web-6.4.4.jar!/:6.4.4]
	at org.springframework.web.filter.OncePerRequestFilter.doFilter(OncePerRequestFilter.java:116) ~[spring-web-6.2.5.jar!/:6.2.5]
	at org.springframework.security.web.FilterChainProxy$VirtualFilterChain.doFilter(FilterChainProxy.java:374) ~[spring-security-web-6.4.4.jar!/:6.4.4]
	at org.springframework.security.web.FilterChainProxy.doFilterInternal(FilterChainProxy.java:233) ~[spring-security-web-6.4.4.jar!/:6.4.4]
	at org.springframework.security.web.FilterChainProxy.doFilter(FilterChainProxy.java:191) ~[spring-security-web-6.4.4.jar!/:6.4.4]
	at org.springframework.web.filter.CompositeFilter$VirtualFilterChain.doFilter(CompositeFilter.java:113) ~[spring-web-6.2.5.jar!/:6.2.5]
	at org.springframework.web.servlet.handler.HandlerMappingIntrospector.lambda$createCacheFilter$3(HandlerMappingIntrospector.java:243) ~[spring-webmvc-6.2.5.jar!/:6.2.5]
	at org.springframework.web.filter.CompositeFilter$VirtualFilterChain.doFilter(CompositeFilter.java:113) ~[spring-web-6.2.5.jar!/:6.2.5]
	at org.springframework.web.filter.CompositeFilter.doFilter(CompositeFilter.java:74) ~[spring-web-6.2.5.jar!/:6.2.5]
	at org.springframework.security.config.annotation.web.configuration.WebMvcSecurityConfiguration$CompositeFilterChainProxy.doFilter(WebMvcSecurityConfiguration.java:238) ~[spring-security-config-6.4.4.jar!/:6.4.4]
	at org.springframework.web.filter.DelegatingFilterProxy.invokeDelegate(DelegatingFilterProxy.java:362) ~[spring-web-6.2.5.jar!/:6.2.5]
	at org.springframework.web.filter.DelegatingFilterProxy.doFilter(DelegatingFilterProxy.java:278) ~[spring-web-6.2.5.jar!/:6.2.5]
	at org.apache.catalina.core.ApplicationFilterChain.internalDoFilter(ApplicationFilterChain.java:164) ~[tomcat-embed-core-10.1.39.jar!/:na]
	at org.apache.catalina.core.ApplicationFilterChain.doFilter(ApplicationFilterChain.java:140) ~[tomcat-embed-core-10.1.39.jar!/:na]
	at org.springframework.web.filter.RequestContextFilter.doFilterInternal(RequestContextFilter.java:100) ~[spring-web-6.2.5.jar!/:6.2.5]
	at org.springframework.web.filter.OncePerRequestFilter.doFilter(OncePerRequestFilter.java:116) ~[spring-web-6.2.5.jar!/:6.2.5]
	at org.apache.catalina.core.ApplicationFilterChain.internalDoFilter(ApplicationFilterChain.java:164) ~[tomcat-embed-core-10.1.39.jar!/:na]
	at org.apache.catalina.core.ApplicationFilterChain.doFilter(ApplicationFilterChain.java:140) ~[tomcat-embed-core-10.1.39.jar!/:na]
	at org.springframework.web.filter.FormContentFilter.doFilterInternal(FormContentFilter.java:93) ~[spring-web-6.2.5.jar!/:6.2.5]
	at org.springframework.web.filter.OncePerRequestFilter.doFilter(OncePerRequestFilter.java:116) ~[spring-web-6.2.5.jar!/:6.2.5]
	at org.apache.catalina.core.ApplicationFilterChain.internalDoFilter(ApplicationFilterChain.java:164) ~[tomcat-embed-core-10.1.39.jar!/:na]
	at org.apache.catalina.core.ApplicationFilterChain.doFilter(ApplicationFilterChain.java:140) ~[tomcat-embed-core-10.1.39.jar!/:na]
	at org.springframework.web.filter.CharacterEncodingFilter.doFilterInternal(CharacterEncodingFilter.java:201) ~[spring-web-6.2.5.jar!/:6.2.5]
	at org.springframework.web.filter.OncePerRequestFilter.doFilter(OncePerRequestFilter.java:116) ~[spring-web-6.2.5.jar!/:6.2.5]
	at org.apache.catalina.core.ApplicationFilterChain.internalDoFilter(ApplicationFilterChain.java:164) ~[tomcat-embed-core-10.1.39.jar!/:na]
	at org.apache.catalina.core.ApplicationFilterChain.doFilter(ApplicationFilterChain.java:140) ~[tomcat-embed-core-10.1.39.jar!/:na]
	at org.apache.catalina.core.StandardWrapperValve.invoke(StandardWrapperValve.java:167) ~[tomcat-embed-core-10.1.39.jar!/:na]
	at org.apache.catalina.core.StandardContextValve.invoke(StandardContextValve.java:90) ~[tomcat-embed-core-10.1.39.jar!/:na]
	at org.apache.catalina.authenticator.AuthenticatorBase.invoke(AuthenticatorBase.java:483) ~[tomcat-embed-core-10.1.39.jar!/:na]
	at org.apache.catalina.core.StandardHostValve.invoke(StandardHostValve.java:115) ~[tomcat-embed-core-10.1.39.jar!/:na]
	at org.apache.catalina.valves.ErrorReportValve.invoke(ErrorReportValve.java:93) ~[tomcat-embed-core-10.1.39.jar!/:na]
	at org.apache.catalina.core.StandardEngineValve.invoke(StandardEngineValve.java:74) ~[tomcat-embed-core-10.1.39.jar!/:na]
	at org.apache.catalina.connector.CoyoteAdapter.service(CoyoteAdapter.java:344) ~[tomcat-embed-core-10.1.39.jar!/:na]
	at org.apache.coyote.http11.Http11Processor.service(Http11Processor.java:397) ~[tomcat-embed-core-10.1.39.jar!/:na]
	at org.apache.coyote.AbstractProcessorLight.process(AbstractProcessorLight.java:63) ~[tomcat-embed-core-10.1.39.jar!/:na]
	at org.apache.coyote.AbstractProtocol$ConnectionHandler.process(AbstractProtocol.java:905) ~[tomcat-embed-core-10.1.39.jar!/:na]
	at org.apache.tomcat.util.net.NioEndpoint$SocketProcessor.doRun(NioEndpoint.java:1743) ~[tomcat-embed-core-10.1.39.jar!/:na]
	at org.apache.tomcat.util.net.SocketProcessorBase.run(SocketProcessorBase.java:52) ~[tomcat-embed-core-10.1.39.jar!/:na]
	at org.apache.tomcat.util.threads.ThreadPoolExecutor.runWorker(ThreadPoolExecutor.java:1190) ~[tomcat-embed-core-10.1.39.jar!/:na]
	at org.apache.tomcat.util.threads.ThreadPoolExecutor$Worker.run(ThreadPoolExecutor.java:659) ~[tomcat-embed-core-10.1.39.jar!/:na]
	at org.apache.tomcat.util.threads.TaskThread$WrappingRunnable.run(TaskThread.java:63) ~[tomcat-embed-core-10.1.39.jar!/:na]
	at java.base/java.lang.Thread.run(Thread.java:1575) ~[na:na]

2025-11-06T19:02:40.230+05:30  INFO 41452 --- [tickets] [nio-8080-exec-5] c.c.tickets.controllers.AuthController   : Received reset password request
2025-11-06T19:02:40.238+05:30  INFO 41452 --- [tickets] [nio-8080-exec-5] c.capstone.tickets.services.AuthService  : Attempting to reset password with token
Hibernate: 
    select
        prt1_0.id,
        prt1_0.created_at,
        prt1_0.email,
        prt1_0.expiry_date,
        prt1_0.token,
        prt1_0.used 
    from
        password_reset_tokens prt1_0 
    where
        prt1_0.token=?
2025-11-06T19:02:40.252+05:30 ERROR 41452 --- [tickets] [nio-8080-exec-5] c.c.tickets.controllers.AuthController   : Password reset failed

java.lang.RuntimeException: Invalid or expired reset token
	at com.capstone.tickets.services.AuthService.lambda$resetPassword$0(AuthService.java:125) ~[!/:0.0.1-SNAPSHOT]
	at java.base/java.util.Optional.orElseThrow(Optional.java:403) ~[na:na]
	at com.capstone.tickets.services.AuthService.resetPassword(AuthService.java:125) ~[!/:0.0.1-SNAPSHOT]
	at java.base/jdk.internal.reflect.DirectMethodHandleAccessor.invoke(DirectMethodHandleAccessor.java:103) ~[na:na]
	at java.base/java.lang.reflect.Method.invoke(Method.java:580) ~[na:na]
	at org.springframework.aop.support.AopUtils.invokeJoinpointUsingReflection(AopUtils.java:359) ~[spring-aop-6.2.5.jar!/:6.2.5]
	at org.springframework.aop.framework.ReflectiveMethodInvocation.invokeJoinpoint(ReflectiveMethodInvocation.java:196) ~[spring-aop-6.2.5.jar!/:6.2.5]
	at org.springframework.aop.framework.ReflectiveMethodInvocation.proceed(ReflectiveMethodInvocation.java:163) ~[spring-aop-6.2.5.jar!/:6.2.5]
	at org.springframework.transaction.interceptor.TransactionAspectSupport.invokeWithinTransaction(TransactionAspectSupport.java:380) ~[spring-tx-6.2.5.jar!/:6.2.5]
	at org.springframework.transaction.interceptor.TransactionInterceptor.invoke(TransactionInterceptor.java:119) ~[spring-tx-6.2.5.jar!/:6.2.5]
	at org.springframework.aop.framework.ReflectiveMethodInvocation.proceed(ReflectiveMethodInvocation.java:184) ~[spring-aop-6.2.5.jar!/:6.2.5]
	at org.springframework.aop.framework.CglibAopProxy$DynamicAdvisedInterceptor.intercept(CglibAopProxy.java:727) ~[spring-aop-6.2.5.jar!/:6.2.5]
	at com.capstone.tickets.services.AuthService$$SpringCGLIB$$0.resetPassword(<generated>) ~[!/:0.0.1-SNAPSHOT]
	at com.capstone.tickets.controllers.AuthController.resetPassword(AuthController.java:77) ~[!/:0.0.1-SNAPSHOT]
	at java.base/jdk.internal.reflect.DirectMethodHandleAccessor.invoke(DirectMethodHandleAccessor.java:103) ~[na:na]
	at java.base/java.lang.reflect.Method.invoke(Method.java:580) ~[na:na]
	at org.springframework.web.method.support.InvocableHandlerMethod.doInvoke(InvocableHandlerMethod.java:258) ~[spring-web-6.2.5.jar!/:6.2.5]
	at org.springframework.web.method.support.InvocableHandlerMethod.invokeForRequest(InvocableHandlerMethod.java:191) ~[spring-web-6.2.5.jar!/:6.2.5]
	at org.springframework.web.servlet.mvc.method.annotation.ServletInvocableHandlerMethod.invokeAndHandle(ServletInvocableHandlerMethod.java:118) ~[spring-webmvc-6.2.5.jar!/:6.2.5]
	at org.springframework.web.servlet.mvc.method.annotation.RequestMappingHandlerAdapter.invokeHandlerMethod(RequestMappingHandlerAdapter.java:986) ~[spring-webmvc-6.2.5.jar!/:6.2.5]
	at org.springframework.web.servlet.mvc.method.annotation.RequestMappingHandlerAdapter.handleInternal(RequestMappingHandlerAdapter.java:891) ~[spring-webmvc-6.2.5.jar!/:6.2.5]
	at org.springframework.web.servlet.mvc.method.AbstractHandlerMethodAdapter.handle(AbstractHandlerMethodAdapter.java:87) ~[spring-webmvc-6.2.5.jar!/:6.2.5]
	at org.springframework.web.servlet.DispatcherServlet.doDispatch(DispatcherServlet.java:1089) ~[spring-webmvc-6.2.5.jar!/:6.2.5]
	at org.springframework.web.servlet.DispatcherServlet.doService(DispatcherServlet.java:979) ~[spring-webmvc-6.2.5.jar!/:6.2.5]
	at org.springframework.web.servlet.FrameworkServlet.processRequest(FrameworkServlet.java:1014) ~[spring-webmvc-6.2.5.jar!/:6.2.5]
	at org.springframework.web.servlet.FrameworkServlet.doPost(FrameworkServlet.java:914) ~[spring-webmvc-6.2.5.jar!/:6.2.5]
	at jakarta.servlet.http.HttpServlet.service(HttpServlet.java:590) ~[tomcat-embed-core-10.1.39.jar!/:na]
	at org.springframework.web.servlet.FrameworkServlet.service(FrameworkServlet.java:885) ~[spring-webmvc-6.2.5.jar!/:6.2.5]
	at jakarta.servlet.http.HttpServlet.service(HttpServlet.java:658) ~[tomcat-embed-core-10.1.39.jar!/:na]
	at org.apache.catalina.core.ApplicationFilterChain.internalDoFilter(ApplicationFilterChain.java:195) ~[tomcat-embed-core-10.1.39.jar!/:na]
	at org.apache.catalina.core.ApplicationFilterChain.doFilter(ApplicationFilterChain.java:140) ~[tomcat-embed-core-10.1.39.jar!/:na]
	at org.apache.tomcat.websocket.server.WsFilter.doFilter(WsFilter.java:51) ~[tomcat-embed-websocket-10.1.39.jar!/:na]
	at org.apache.catalina.core.ApplicationFilterChain.internalDoFilter(ApplicationFilterChain.java:164) ~[tomcat-embed-core-10.1.39.jar!/:na]
	at org.apache.catalina.core.ApplicationFilterChain.doFilter(ApplicationFilterChain.java:140) ~[tomcat-embed-core-10.1.39.jar!/:na]
	at org.springframework.web.filter.OncePerRequestFilter.doFilter(OncePerRequestFilter.java:110) ~[spring-web-6.2.5.jar!/:6.2.5]
	at org.apache.catalina.core.ApplicationFilterChain.internalDoFilter(ApplicationFilterChain.java:164) ~[tomcat-embed-core-10.1.39.jar!/:na]
	at org.apache.catalina.core.ApplicationFilterChain.doFilter(ApplicationFilterChain.java:140) ~[tomcat-embed-core-10.1.39.jar!/:na]
	at org.springframework.web.filter.CompositeFilter$VirtualFilterChain.doFilter(CompositeFilter.java:108) ~[spring-web-6.2.5.jar!/:6.2.5]
	at org.springframework.security.web.FilterChainProxy.lambda$doFilterInternal$3(FilterChainProxy.java:231) ~[spring-security-web-6.4.4.jar!/:6.4.4]
	at org.springframework.security.web.FilterChainProxy$VirtualFilterChain.doFilter(FilterChainProxy.java:365) ~[spring-security-web-6.4.4.jar!/:6.4.4]
	at org.springframework.security.web.access.intercept.AuthorizationFilter.doFilter(AuthorizationFilter.java:101) ~[spring-security-web-6.4.4.jar!/:6.4.4]
	at org.springframework.security.web.FilterChainProxy$VirtualFilterChain.doFilter(FilterChainProxy.java:374) ~[spring-security-web-6.4.4.jar!/:6.4.4]
	at org.springframework.security.web.access.ExceptionTranslationFilter.doFilter(ExceptionTranslationFilter.java:126) ~[spring-security-web-6.4.4.jar!/:6.4.4]
	at org.springframework.security.web.access.ExceptionTranslationFilter.doFilter(ExceptionTranslationFilter.java:120) ~[spring-security-web-6.4.4.jar!/:6.4.4]
	at org.springframework.security.web.FilterChainProxy$VirtualFilterChain.doFilter(FilterChainProxy.java:374) ~[spring-security-web-6.4.4.jar!/:6.4.4]
	at org.springframework.security.web.session.SessionManagementFilter.doFilter(SessionManagementFilter.java:131) ~[spring-security-web-6.4.4.jar!/:6.4.4]
	at org.springframework.security.web.session.SessionManagementFilter.doFilter(SessionManagementFilter.java:85) ~[spring-security-web-6.4.4.jar!/:6.4.4]
	at org.springframework.security.web.FilterChainProxy$VirtualFilterChain.doFilter(FilterChainProxy.java:374) ~[spring-security-web-6.4.4.jar!/:6.4.4]
	at org.springframework.security.web.authentication.AnonymousAuthenticationFilter.doFilter(AnonymousAuthenticationFilter.java:100) ~[spring-security-web-6.4.4.jar!/:6.4.4]
	at org.springframework.security.web.FilterChainProxy$VirtualFilterChain.doFilter(FilterChainProxy.java:374) ~[spring-security-web-6.4.4.jar!/:6.4.4]
	at org.springframework.security.web.servletapi.SecurityContextHolderAwareRequestFilter.doFilter(SecurityContextHolderAwareRequestFilter.java:179) ~[spring-security-web-6.4.4.jar!/:6.4.4]
	at org.springframework.security.web.FilterChainProxy$VirtualFilterChain.doFilter(FilterChainProxy.java:374) ~[spring-security-web-6.4.4.jar!/:6.4.4]
	at org.springframework.security.web.savedrequest.RequestCacheAwareFilter.doFilter(RequestCacheAwareFilter.java:63) ~[spring-security-web-6.4.4.jar!/:6.4.4]
	at org.springframework.security.web.FilterChainProxy$VirtualFilterChain.doFilter(FilterChainProxy.java:374) ~[spring-security-web-6.4.4.jar!/:6.4.4]
	at com.capstone.tickets.filters.UserProvisioningFilter.doFilterInternal(UserProvisioningFilter.java:75) ~[!/:0.0.1-SNAPSHOT]
	at org.springframework.web.filter.OncePerRequestFilter.doFilter(OncePerRequestFilter.java:116) ~[spring-web-6.2.5.jar!/:6.2.5]
	at org.springframework.security.web.FilterChainProxy$VirtualFilterChain.doFilter(FilterChainProxy.java:374) ~[spring-security-web-6.4.4.jar!/:6.4.4]
	at org.springframework.security.oauth2.server.resource.web.authentication.BearerTokenAuthenticationFilter.doFilterInternal(BearerTokenAuthenticationFilter.java:128) ~[spring-security-oauth2-resource-server-6.4.4.jar!/:6.4.4]
	at org.springframework.web.filter.OncePerRequestFilter.doFilter(OncePerRequestFilter.java:116) ~[spring-web-6.2.5.jar!/:6.2.5]
	at org.springframework.security.web.FilterChainProxy$VirtualFilterChain.doFilter(FilterChainProxy.java:374) ~[spring-security-web-6.4.4.jar!/:6.4.4]
	at org.springframework.security.web.authentication.logout.LogoutFilter.doFilter(LogoutFilter.java:107) ~[spring-security-web-6.4.4.jar!/:6.4.4]
	at org.springframework.security.web.authentication.logout.LogoutFilter.doFilter(LogoutFilter.java:93) ~[spring-security-web-6.4.4.jar!/:6.4.4]
	at org.springframework.security.web.FilterChainProxy$VirtualFilterChain.doFilter(FilterChainProxy.java:374) ~[spring-security-web-6.4.4.jar!/:6.4.4]
	at org.springframework.security.web.header.HeaderWriterFilter.doHeadersAfter(HeaderWriterFilter.java:90) ~[spring-security-web-6.4.4.jar!/:6.4.4]
	at org.springframework.security.web.header.HeaderWriterFilter.doFilterInternal(HeaderWriterFilter.java:75) ~[spring-security-web-6.4.4.jar!/:6.4.4]
	at org.springframework.web.filter.OncePerRequestFilter.doFilter(OncePerRequestFilter.java:116) ~[spring-web-6.2.5.jar!/:6.2.5]
	at org.springframework.security.web.FilterChainProxy$VirtualFilterChain.doFilter(FilterChainProxy.java:374) ~[spring-security-web-6.4.4.jar!/:6.4.4]
	at org.springframework.security.web.context.SecurityContextHolderFilter.doFilter(SecurityContextHolderFilter.java:82) ~[spring-security-web-6.4.4.jar!/:6.4.4]
	at org.springframework.security.web.context.SecurityContextHolderFilter.doFilter(SecurityContextHolderFilter.java:69) ~[spring-security-web-6.4.4.jar!/:6.4.4]
	at org.springframework.security.web.FilterChainProxy$VirtualFilterChain.doFilter(FilterChainProxy.java:374) ~[spring-security-web-6.4.4.jar!/:6.4.4]
	at org.springframework.security.web.context.request.async.WebAsyncManagerIntegrationFilter.doFilterInternal(WebAsyncManagerIntegrationFilter.java:62) ~[spring-security-web-6.4.4.jar!/:6.4.4]
	at org.springframework.web.filter.OncePerRequestFilter.doFilter(OncePerRequestFilter.java:116) ~[spring-web-6.2.5.jar!/:6.2.5]
	at org.springframework.security.web.FilterChainProxy$VirtualFilterChain.doFilter(FilterChainProxy.java:374) ~[spring-security-web-6.4.4.jar!/:6.4.4]
	at org.springframework.security.web.session.DisableEncodeUrlFilter.doFilterInternal(DisableEncodeUrlFilter.java:42) ~[spring-security-web-6.4.4.jar!/:6.4.4]
	at org.springframework.web.filter.OncePerRequestFilter.doFilter(OncePerRequestFilter.java:116) ~[spring-web-6.2.5.jar!/:6.2.5]
	at org.springframework.security.web.FilterChainProxy$VirtualFilterChain.doFilter(FilterChainProxy.java:374) ~[spring-security-web-6.4.4.jar!/:6.4.4]
	at org.springframework.security.web.FilterChainProxy.doFilterInternal(FilterChainProxy.java:233) ~[spring-security-web-6.4.4.jar!/:6.4.4]
	at org.springframework.security.web.FilterChainProxy.doFilter(FilterChainProxy.java:191) ~[spring-security-web-6.4.4.jar!/:6.4.4]
	at org.springframework.web.filter.CompositeFilter$VirtualFilterChain.doFilter(CompositeFilter.java:113) ~[spring-web-6.2.5.jar!/:6.2.5]
	at org.springframework.web.servlet.handler.HandlerMappingIntrospector.lambda$createCacheFilter$3(HandlerMappingIntrospector.java:243) ~[spring-webmvc-6.2.5.jar!/:6.2.5]
	at org.springframework.web.filter.CompositeFilter$VirtualFilterChain.doFilter(CompositeFilter.java:113) ~[spring-web-6.2.5.jar!/:6.2.5]
	at org.springframework.web.filter.CompositeFilter.doFilter(CompositeFilter.java:74) ~[spring-web-6.2.5.jar!/:6.2.5]
	at org.springframework.security.config.annotation.web.configuration.WebMvcSecurityConfiguration$CompositeFilterChainProxy.doFilter(WebMvcSecurityConfiguration.java:238) ~[spring-security-config-6.4.4.jar!/:6.4.4]
	at org.springframework.web.filter.DelegatingFilterProxy.invokeDelegate(DelegatingFilterProxy.java:362) ~[spring-web-6.2.5.jar!/:6.2.5]
	at org.springframework.web.filter.DelegatingFilterProxy.doFilter(DelegatingFilterProxy.java:278) ~[spring-web-6.2.5.jar!/:6.2.5]
	at org.apache.catalina.core.ApplicationFilterChain.internalDoFilter(ApplicationFilterChain.java:164) ~[tomcat-embed-core-10.1.39.jar!/:na]
	at org.apache.catalina.core.ApplicationFilterChain.doFilter(ApplicationFilterChain.java:140) ~[tomcat-embed-core-10.1.39.jar!/:na]
	at org.springframework.web.filter.RequestContextFilter.doFilterInternal(RequestContextFilter.java:100) ~[spring-web-6.2.5.jar!/:6.2.5]
	at org.springframework.web.filter.OncePerRequestFilter.doFilter(OncePerRequestFilter.java:116) ~[spring-web-6.2.5.jar!/:6.2.5]
	at org.apache.catalina.core.ApplicationFilterChain.internalDoFilter(ApplicationFilterChain.java:164) ~[tomcat-embed-core-10.1.39.jar!/:na]
	at org.apache.catalina.core.ApplicationFilterChain.doFilter(ApplicationFilterChain.java:140) ~[tomcat-embed-core-10.1.39.jar!/:na]
	at org.springframework.web.filter.FormContentFilter.doFilterInternal(FormContentFilter.java:93) ~[spring-web-6.2.5.jar!/:6.2.5]
	at org.springframework.web.filter.OncePerRequestFilter.doFilter(OncePerRequestFilter.java:116) ~[spring-web-6.2.5.jar!/:6.2.5]
	at org.apache.catalina.core.ApplicationFilterChain.internalDoFilter(ApplicationFilterChain.java:164) ~[tomcat-embed-core-10.1.39.jar!/:na]
	at org.apache.catalina.core.ApplicationFilterChain.doFilter(ApplicationFilterChain.java:140) ~[tomcat-embed-core-10.1.39.jar!/:na]
	at org.springframework.web.filter.CharacterEncodingFilter.doFilterInternal(CharacterEncodingFilter.java:201) ~[spring-web-6.2.5.jar!/:6.2.5]
	at org.springframework.web.filter.OncePerRequestFilter.doFilter(OncePerRequestFilter.java:116) ~[spring-web-6.2.5.jar!/:6.2.5]
	at org.apache.catalina.core.ApplicationFilterChain.internalDoFilter(ApplicationFilterChain.java:164) ~[tomcat-embed-core-10.1.39.jar!/:na]
	at org.apache.catalina.core.ApplicationFilterChain.doFilter(ApplicationFilterChain.java:140) ~[tomcat-embed-core-10.1.39.jar!/:na]
	at org.apache.catalina.core.StandardWrapperValve.invoke(StandardWrapperValve.java:167) ~[tomcat-embed-core-10.1.39.jar!/:na]
	at org.apache.catalina.core.StandardContextValve.invoke(StandardContextValve.java:90) ~[tomcat-embed-core-10.1.39.jar!/:na]
	at org.apache.catalina.authenticator.AuthenticatorBase.invoke(AuthenticatorBase.java:483) ~[tomcat-embed-core-10.1.39.jar!/:na]
	at org.apache.catalina.core.StandardHostValve.invoke(StandardHostValve.java:115) ~[tomcat-embed-core-10.1.39.jar!/:na]
	at org.apache.catalina.valves.ErrorReportValve.invoke(ErrorReportValve.java:93) ~[tomcat-embed-core-10.1.39.jar!/:na]
	at org.apache.catalina.core.StandardEngineValve.invoke(StandardEngineValve.java:74) ~[tomcat-embed-core-10.1.39.jar!/:na]
	at org.apache.catalina.connector.CoyoteAdapter.service(CoyoteAdapter.java:344) ~[tomcat-embed-core-10.1.39.jar!/:na]
	at org.apache.coyote.http11.Http11Processor.service(Http11Processor.java:397) ~[tomcat-embed-core-10.1.39.jar!/:na]
	at org.apache.coyote.AbstractProcessorLight.process(AbstractProcessorLight.java:63) ~[tomcat-embed-core-10.1.39.jar!/:na]
	at org.apache.coyote.AbstractProtocol$ConnectionHandler.process(AbstractProtocol.java:905) ~[tomcat-embed-core-10.1.39.jar!/:na]
	at org.apache.tomcat.util.net.NioEndpoint$SocketProcessor.doRun(NioEndpoint.java:1743) ~[tomcat-embed-core-10.1.39.jar!/:na]
	at org.apache.tomcat.util.net.SocketProcessorBase.run(SocketProcessorBase.java:52) ~[tomcat-embed-core-10.1.39.jar!/:na]
	at org.apache.tomcat.util.threads.ThreadPoolExecutor.runWorker(ThreadPoolExecutor.java:1190) ~[tomcat-embed-core-10.1.39.jar!/:na]
	at org.apache.tomcat.util.threads.ThreadPoolExecutor$Worker.run(ThreadPoolExecutor.java:659) ~[tomcat-embed-core-10.1.39.jar!/:na]
	at org.apache.tomcat.util.threads.TaskThread$WrappingRunnable.run(TaskThread.java:63) ~[tomcat-embed-core-10.1.39.jar!/:na]
	at java.base/java.lang.Thread.run(Thread.java:1575) ~[na:na]

2025-11-06T19:02:47.677+05:30  INFO 41452 --- [tickets] [nio-8080-exec-6] c.c.tickets.controllers.AuthController   : Received forgot password request for email: supersaiyan2k03@gmail.com
2025-11-06T19:02:47.686+05:30  INFO 41452 --- [tickets] [nio-8080-exec-6] c.capstone.tickets.services.AuthService  : Attempting to send password reset email to: supersaiyan2k03@gmail.com
Hibernate: 
    select
        u1_0.id,
        u1_0.created_at,
        u1_0.email,
        u1_0.name,
        u1_0.role,
        u1_0.updated_at 
    from
        users u1_0 
    where
        u1_0.email=?
Hibernate: 
    select
        prt1_0.id,
        prt1_0.created_at,
        prt1_0.email,
        prt1_0.expiry_date,
        prt1_0.token,
        prt1_0.used 
    from
        password_reset_tokens prt1_0 
    where
        prt1_0.email=?
2025-11-06T19:03:00.172+05:30  INFO 41452 --- [tickets] [nio-8080-exec-6] c.c.tickets.services.EmailService        : Password reset email sent successfully to: supersaiyan2k03@gmail.com
2025-11-06T19:03:00.175+05:30  INFO 41452 --- [tickets] [nio-8080-exec-6] c.capstone.tickets.services.AuthService  : Password reset email sent successfully to: supersaiyan2k03@gmail.com (username: organizer)
Hibernate: 
    insert 
    into
        password_reset_tokens
        (created_at, email, expiry_date, token, used, id) 
    values
        (?, ?, ?, ?, ?, ?)
Hibernate: 
    delete 
    from
        password_reset_tokens 
    where
        id=?
Hibernate: 
    delete 
    from
        password_reset_tokens 
    where
        id=?
Hibernate: 
    delete 
    from
        password_reset_tokens 
    where
        id=?
Hibernate: 
    delete 
    from
        password_reset_tokens 
    where
        id=?
Hibernate: 
    delete 
    from
        password_reset_tokens 
    where
        id=?
Hibernate: 
    delete 
    from
        password_reset_tokens 
    where
        id=?
Hibernate: 
    delete 
    from
        password_reset_tokens 
    where
        id=?
2025-11-06T19:03:19.902+05:30  INFO 41452 --- [tickets] [nio-8080-exec-8] c.c.tickets.controllers.AuthController   : Received reset password request
2025-11-06T19:03:19.926+05:30  INFO 41452 --- [tickets] [nio-8080-exec-8] c.capstone.tickets.services.AuthService  : Attempting to reset password with token
Hibernate: 
    select
        prt1_0.id,
        prt1_0.created_at,
        prt1_0.email,
        prt1_0.expiry_date,
        prt1_0.token,
        prt1_0.used 
    from
        password_reset_tokens prt1_0 
    where
        prt1_0.token=?
2025-11-06T19:03:21.526+05:30  INFO 41452 --- [tickets] [nio-8080-exec-8] c.c.tickets.services.KeycloakService     : Password updated successfully for user with email: supersaiyan2k03@gmail.com
2025-11-06T19:03:21.545+05:30  INFO 41452 --- [tickets] [nio-8080-exec-8] c.capstone.tickets.services.AuthService  : Password reset successfully for email: supersaiyan2k03@gmail.com
Hibernate: 
    update
        password_reset_tokens 
    set
        created_at=?,
        email=?,
        expiry_date=?,
        token=?,
        used=? 
    where
        id=?
2025-11-06T19:03:50.866+05:30  INFO 41452 --- [tickets] [nio-8080-exec-1] c.c.tickets.controllers.AuthController   : Received login request for username: organizer
2025-11-06T19:03:50.870+05:30  INFO 41452 --- [tickets] [nio-8080-exec-1] c.capstone.tickets.services.AuthService  : Attempting to authenticate user: organizer
Hibernate: 
    select
        u1_0.id,
        u1_0.created_at,
        u1_0.email,
        u1_0.name,
        u1_0.role,
        u1_0.updated_at 
    from
        users u1_0 
    where
        u1_0.id=?
2025-11-06T19:03:51.227+05:30  INFO 41452 --- [tickets] [nio-8080-exec-1] c.capstone.tickets.services.AuthService  : Successfully authenticated user: organizer
Hibernate: 
    select
        e1_0.id,
        e1_0.created_at,
        e1_0.event_end,
        e1_0.name,
        e1_0.organizer_id,
        e1_0.sales_end,
        e1_0.sales_start,
        e1_0.event_start,
        e1_0.status,
        e1_0.updated_at,
        e1_0.venue 
    from
        events e1_0 
    where
        e1_0.status=? 
    fetch
        first ? rows only
2025-11-06T19:03:51.769+05:30  WARN 41452 --- [tickets] [nio-8080-exec-2] ration$PageModule$WarningLoggingModifier : Serializing PageImpl instances as-is is not supported, meaning that there is no guarantee about the stability of the resulting JSON structure!
	For a stable JSON structure, please use Spring Data's PagedModel (globally via @EnableSpringDataWebSupport(pageSerializationMode = VIA_DTO))
	or Spring HATEOAS and Spring Data's PagedResourcesAssembler as documented in https://docs.spring.io/spring-data/commons/reference/repositories/core-extensions.html#core.web.pageables.

Hibernate: 
    select
        e1_0.id,
        e1_0.created_at,
        e1_0.event_end,
        e1_0.name,
        e1_0.organizer_id,
        e1_0.sales_end,
        e1_0.sales_start,
        e1_0.event_start,
        e1_0.status,
        e1_0.updated_at,
        e1_0.venue 
    from
        events e1_0 
    where
        e1_0.status=? 
    fetch
        first ? rows only
Hibernate: 
    select
        u1_0.id,
        u1_0.created_at,
        u1_0.email,
        u1_0.name,
        u1_0.role,
        u1_0.updated_at 
    from
        users u1_0 
    where
        u1_0.id=?
Hibernate: 
    select
        count(*) 
    from
        users u1_0 
    where
        u1_0.id=?
Hibernate: 
    select
        e1_0.id,
        e1_0.created_at,
        e1_0.event_end,
        e1_0.name,
        e1_0.organizer_id,
        e1_0.sales_end,
        e1_0.sales_start,
        e1_0.event_start,
        e1_0.status,
        e1_0.updated_at,
        e1_0.venue 
    from
        events e1_0 
    left join
        users o1_0 
            on o1_0.id=e1_0.organizer_id 
    where
        o1_0.id=? 
    fetch
        first ? rows only
Hibernate: 
    select
        count(e1_0.id) 
    from
        events e1_0 
    left join
        users o1_0 
            on o1_0.id=e1_0.organizer_id 
    where
        o1_0.id=?
Hibernate: 
    select
        tt1_0.event_id,
        tt1_0.id,
        tt1_0.created_at,
        tt1_0.description,
        tt1_0.name,
        tt1_0.price,
        tt1_0.total_available,
        tt1_0.updated_at 
    from
        ticket_types tt1_0 
    where
        tt1_0.event_id=?
Hibernate: 
    select
        tt1_0.event_id,
        tt1_0.id,
        tt1_0.created_at,
        tt1_0.description,
        tt1_0.name,
        tt1_0.price,
        tt1_0.total_available,
        tt1_0.updated_at 
    from
        ticket_types tt1_0 
    where
        tt1_0.event_id=?
Hibernate: 
    select
        u1_0.id,
        u1_0.created_at,
        u1_0.email,
        u1_0.name,
        u1_0.role,
        u1_0.updated_at 
    from
        users u1_0 
    where
        u1_0.id=?
Hibernate: 
    select
        count(*) 
    from
        users u1_0 
    where
        u1_0.id=?
Hibernate: 
    select
        e1_0.id,
        e1_0.created_at,
        e1_0.event_end,
        e1_0.name,
        e1_0.organizer_id,
        e1_0.sales_end,
        e1_0.sales_start,
        e1_0.event_start,
        e1_0.status,
        e1_0.updated_at,
        e1_0.venue 
    from
        events e1_0 
    left join
        users o1_0 
            on o1_0.id=e1_0.organizer_id 
    where
        o1_0.id=? 
    fetch
        first ? rows only
Hibernate: 
    select
        count(e1_0.id) 
    from
        events e1_0 
    left join
        users o1_0 
            on o1_0.id=e1_0.organizer_id 
    where
        o1_0.id=?
Hibernate: 
    select
        tt1_0.event_id,
        tt1_0.id,
        tt1_0.created_at,
        tt1_0.description,
        tt1_0.name,
        tt1_0.price,
        tt1_0.total_available,
        tt1_0.updated_at 
    from
        ticket_types tt1_0 
    where
        tt1_0.event_id=?
Hibernate: 
    select
        tt1_0.event_id,
        tt1_0.id,
        tt1_0.created_at,
        tt1_0.description,
        tt1_0.name,
        tt1_0.price,
        tt1_0.total_available,
        tt1_0.updated_at 
    from
        ticket_types tt1_0 
    where
        tt1_0.event_id=?
Hibernate: 
    select
        e1_0.id,
        e1_0.created_at,
        e1_0.event_end,
        e1_0.name,
        e1_0.organizer_id,
        e1_0.sales_end,
        e1_0.sales_start,
        e1_0.event_start,
        e1_0.status,
        e1_0.updated_at,
        e1_0.venue 
    from
        events e1_0 
    where
        e1_0.status=? 
    fetch
        first ? rows only
Hibernate: 
    select
        e1_0.id,
        e1_0.created_at,
        e1_0.event_end,
        e1_0.name,
        e1_0.organizer_id,
        e1_0.sales_end,
        e1_0.sales_start,
        e1_0.event_start,
        e1_0.status,
        e1_0.updated_at,
        e1_0.venue 
    from
        events e1_0 
    where
        e1_0.status=? 
    fetch
        first ? rows only
Hibernate: 
    select
        u1_0.id,
        u1_0.created_at,
        u1_0.email,
        u1_0.name,
        u1_0.role,
        u1_0.updated_at 
    from
        users u1_0 
    where
        u1_0.id=?
Hibernate: 
    select
        count(*) 
    from
        users u1_0 
    where
        u1_0.id=?
Hibernate: 
    select
        e1_0.id,
        e1_0.created_at,
        e1_0.event_end,
        e1_0.name,
        e1_0.organizer_id,
        e1_0.sales_end,
        e1_0.sales_start,
        e1_0.event_start,
        e1_0.status,
        e1_0.updated_at,
        e1_0.venue 
    from
        events e1_0 
    left join
        users o1_0 
            on o1_0.id=e1_0.organizer_id 
    where
        o1_0.id=? 
    fetch
        first ? rows only
Hibernate: 
    select
        count(e1_0.id) 
    from
        events e1_0 
    left join
        users o1_0 
            on o1_0.id=e1_0.organizer_id 
    where
        o1_0.id=?
Hibernate: 
    select
        tt1_0.event_id,
        tt1_0.id,
        tt1_0.created_at,
        tt1_0.description,
        tt1_0.name,
        tt1_0.price,
        tt1_0.total_available,
        tt1_0.updated_at 
    from
        ticket_types tt1_0 
    where
        tt1_0.event_id=?
Hibernate: 
    select
        tt1_0.event_id,
        tt1_0.id,
        tt1_0.created_at,
        tt1_0.description,
        tt1_0.name,
        tt1_0.price,
        tt1_0.total_available,
        tt1_0.updated_at 
    from
        ticket_types tt1_0 
    where
        tt1_0.event_id=?
Hibernate: 
    select
        u1_0.id,
        u1_0.created_at,
        u1_0.email,
        u1_0.name,
        u1_0.role,
        u1_0.updated_at 
    from
        users u1_0 
    where
        u1_0.id=?
Hibernate: 
    select
        count(*) 
    from
        users u1_0 
    where
        u1_0.id=?
Hibernate: 
    select
        e1_0.id,
        e1_0.created_at,
        e1_0.event_end,
        e1_0.name,
        e1_0.organizer_id,
        e1_0.sales_end,
        e1_0.sales_start,
        e1_0.event_start,
        e1_0.status,
        e1_0.updated_at,
        e1_0.venue 
    from
        events e1_0 
    left join
        users o1_0 
            on o1_0.id=e1_0.organizer_id 
    where
        o1_0.id=? 
    fetch
        first ? rows only
Hibernate: 
    select
        count(e1_0.id) 
    from
        events e1_0 
    left join
        users o1_0 
            on o1_0.id=e1_0.organizer_id 
    where
        o1_0.id=?
Hibernate: 
    select
        tt1_0.event_id,
        tt1_0.id,
        tt1_0.created_at,
        tt1_0.description,
        tt1_0.name,
        tt1_0.price,
        tt1_0.total_available,
        tt1_0.updated_at 
    from
        ticket_types tt1_0 
    where
        tt1_0.event_id=?
Hibernate: 
    select
        tt1_0.event_id,
        tt1_0.id,
        tt1_0.created_at,
        tt1_0.description,
        tt1_0.name,
        tt1_0.price,
        tt1_0.total_available,
        tt1_0.updated_at 
    from
        ticket_types tt1_0 
    where
        tt1_0.event_id=?
Hibernate: 
    select
        u1_0.id,
        u1_0.created_at,
        u1_0.email,
        u1_0.name,
        u1_0.role,
        u1_0.updated_at 
    from
        users u1_0 
    where
        u1_0.id=?
Hibernate: 
    select
        count(*) 
    from
        users u1_0 
    where
        u1_0.id=?
Hibernate: 
    select
        count(e1_0.id) 
    from
        events e1_0 
    left join
        users o1_0 
            on o1_0.id=e1_0.organizer_id 
    where
        o1_0.id=?
Hibernate: 
    select
        count(e1_0.id) 
    from
        events e1_0 
    left join
        users o1_0 
            on o1_0.id=e1_0.organizer_id 
    where
        o1_0.id=? 
        and e1_0.status=?
Hibernate: 
    select
        count(e1_0.id) 
    from
        events e1_0 
    left join
        users o1_0 
            on o1_0.id=e1_0.organizer_id 
    where
        o1_0.id=? 
        and e1_0.status=?
Hibernate: 
    select
        count(tt1_0.id) 
    from
        ticket_types tt1_0 
    join
        events e1_0 
            on e1_0.id=tt1_0.event_id 
    where
        e1_0.organizer_id=?
Hibernate: 
    select
        coalesce(sum(tt1_0.total_available), 0) 
    from
        ticket_types tt1_0 
    join
        events e1_0 
            on e1_0.id=tt1_0.event_id 
    where
        e1_0.organizer_id=?
Hibernate: 
    select
        coalesce(sum(t1_0.quantity), 0) 
    from
        tickets t1_0 
    join
        ticket_types tt1_0 
            on tt1_0.id=t1_0.ticket_type_id 
    join
        events e1_0 
            on e1_0.id=tt1_0.event_id 
    where
        e1_0.organizer_id=?
Hibernate: 
    select
        coalesce(sum((tt1_0.price*t1_0.quantity)), 0) 
    from
        tickets t1_0 
    join
        ticket_types tt1_0 
            on tt1_0.id=t1_0.ticket_type_id 
    join
        events e1_0 
            on e1_0.id=tt1_0.event_id 
    where
        e1_0.organizer_id=?
Hibernate: 
    select
        count(tv1_0.id) 
    from
        ticket_validations tv1_0 
    join
        tickets t1_0 
            on t1_0.id=tv1_0.ticket_id 
    join
        ticket_types tt1_0 
            on tt1_0.id=t1_0.ticket_type_id 
    join
        events e1_0 
            on e1_0.id=tt1_0.event_id 
    where
        e1_0.organizer_id=? 
        and tv1_0.status='VALID'
Hibernate: 
    select
        u1_0.id,
        u1_0.created_at,
        u1_0.email,
        u1_0.name,
        u1_0.role,
        u1_0.updated_at 
    from
        users u1_0 
    where
        u1_0.id=?
Hibernate: 
    select
        count(*) 
    from
        users u1_0 
    where
        u1_0.id=?
Hibernate: 
    select
        count(e1_0.id) 
    from
        events e1_0 
    left join
        users o1_0 
            on o1_0.id=e1_0.organizer_id 
    where
        o1_0.id=?
Hibernate: 
    select
        count(e1_0.id) 
    from
        events e1_0 
    left join
        users o1_0 
            on o1_0.id=e1_0.organizer_id 
    where
        o1_0.id=? 
        and e1_0.status=?
Hibernate: 
    select
        count(e1_0.id) 
    from
        events e1_0 
    left join
        users o1_0 
            on o1_0.id=e1_0.organizer_id 
    where
        o1_0.id=? 
        and e1_0.status=?
Hibernate: 
    select
        count(tt1_0.id) 
    from
        ticket_types tt1_0 
    join
        events e1_0 
            on e1_0.id=tt1_0.event_id 
    where
        e1_0.organizer_id=?
Hibernate: 
    select
        coalesce(sum(tt1_0.total_available), 0) 
    from
        ticket_types tt1_0 
    join
        events e1_0 
            on e1_0.id=tt1_0.event_id 
    where
        e1_0.organizer_id=?
Hibernate: 
    select
        coalesce(sum(t1_0.quantity), 0) 
    from
        tickets t1_0 
    join
        ticket_types tt1_0 
            on tt1_0.id=t1_0.ticket_type_id 
    join
        events e1_0 
            on e1_0.id=tt1_0.event_id 
    where
        e1_0.organizer_id=?
Hibernate: 
    select
        coalesce(sum((tt1_0.price*t1_0.quantity)), 0) 
    from
        tickets t1_0 
    join
        ticket_types tt1_0 
            on tt1_0.id=t1_0.ticket_type_id 
    join
        events e1_0 
            on e1_0.id=tt1_0.event_id 
    where
        e1_0.organizer_id=?
Hibernate: 
    select
        count(tv1_0.id) 
    from
        ticket_validations tv1_0 
    join
        tickets t1_0 
            on t1_0.id=tv1_0.ticket_id 
    join
        ticket_types tt1_0 
            on tt1_0.id=t1_0.ticket_type_id 
    join
        events e1_0 
            on e1_0.id=tt1_0.event_id 
    where
        e1_0.organizer_id=? 
        and tv1_0.status='VALID'
Hibernate: 
    select
        e1_0.id,
        e1_0.created_at,
        e1_0.event_end,
        e1_0.name,
        e1_0.organizer_id,
        e1_0.sales_end,
        e1_0.sales_start,
        e1_0.event_start,
        e1_0.status,
        e1_0.updated_at,
        e1_0.venue 
    from
        events e1_0 
    where
        e1_0.status=? 
    fetch
        first ? rows only
Hibernate: 
    select
        e1_0.id,
        e1_0.created_at,
        e1_0.event_end,
        e1_0.name,
        e1_0.organizer_id,
        e1_0.sales_end,
        e1_0.sales_start,
        e1_0.event_start,
        e1_0.status,
        e1_0.updated_at,
        e1_0.venue 
    from
        events e1_0 
    where
        e1_0.status=? 
    fetch
        first ? rows only
Hibernate: 
    select
        u1_0.id,
        u1_0.created_at,
        u1_0.email,
        u1_0.name,
        u1_0.role,
        u1_0.updated_at 
    from
        users u1_0 
    where
        u1_0.id=?
Hibernate: 
    select
        count(*) 
    from
        users u1_0 
    where
        u1_0.id=?
Hibernate: 
    select
        e1_0.id,
        e1_0.created_at,
        e1_0.event_end,
        e1_0.name,
        e1_0.organizer_id,
        e1_0.sales_end,
        e1_0.sales_start,
        e1_0.event_start,
        e1_0.status,
        e1_0.updated_at,
        e1_0.venue 
    from
        events e1_0 
    left join
        users o1_0 
            on o1_0.id=e1_0.organizer_id 
    where
        o1_0.id=? 
    fetch
        first ? rows only
Hibernate: 
    select
        count(e1_0.id) 
    from
        events e1_0 
    left join
        users o1_0 
            on o1_0.id=e1_0.organizer_id 
    where
        o1_0.id=?
Hibernate: 
    select
        tt1_0.event_id,
        tt1_0.id,
        tt1_0.created_at,
        tt1_0.description,
        tt1_0.name,
        tt1_0.price,
        tt1_0.total_available,
        tt1_0.updated_at 
    from
        ticket_types tt1_0 
    where
        tt1_0.event_id=?
Hibernate: 
    select
        tt1_0.event_id,
        tt1_0.id,
        tt1_0.created_at,
        tt1_0.description,
        tt1_0.name,
        tt1_0.price,
        tt1_0.total_available,
        tt1_0.updated_at 
    from
        ticket_types tt1_0 
    where
        tt1_0.event_id=?
Hibernate: 
    select
        u1_0.id,
        u1_0.created_at,
        u1_0.email,
        u1_0.name,
        u1_0.role,
        u1_0.updated_at 
    from
        users u1_0 
    where
        u1_0.id=?
Hibernate: 
    select
        count(*) 
    from
        users u1_0 
    where
        u1_0.id=?
Hibernate: 
    select
        e1_0.id,
        e1_0.created_at,
        e1_0.event_end,
        e1_0.name,
        e1_0.organizer_id,
        e1_0.sales_end,
        e1_0.sales_start,
        e1_0.event_start,
        e1_0.status,
        e1_0.updated_at,
        e1_0.venue 
    from
        events e1_0 
    left join
        users o1_0 
            on o1_0.id=e1_0.organizer_id 
    where
        o1_0.id=? 
    fetch
        first ? rows only
Hibernate: 
    select
        count(e1_0.id) 
    from
        events e1_0 
    left join
        users o1_0 
            on o1_0.id=e1_0.organizer_id 
    where
        o1_0.id=?
Hibernate: 
    select
        tt1_0.event_id,
        tt1_0.id,
        tt1_0.created_at,
        tt1_0.description,
        tt1_0.name,
        tt1_0.price,
        tt1_0.total_available,
        tt1_0.updated_at 
    from
        ticket_types tt1_0 
    where
        tt1_0.event_id=?
Hibernate: 
    select
        tt1_0.event_id,
        tt1_0.id,
        tt1_0.created_at,
        tt1_0.description,
        tt1_0.name,
        tt1_0.price,
        tt1_0.total_available,
        tt1_0.updated_at 
    from
        ticket_types tt1_0 
    where
        tt1_0.event_id=?
Hibernate: 
    select
        u1_0.id,
        u1_0.created_at,
        u1_0.email,
        u1_0.name,
        u1_0.role,
        u1_0.updated_at 
    from
        users u1_0 
    where
        u1_0.id=?
Hibernate: 
    select
        count(*) 
    from
        users u1_0 
    where
        u1_0.id=?
Hibernate: 
    select
        count(e1_0.id) 
    from
        events e1_0 
    left join
        users o1_0 
            on o1_0.id=e1_0.organizer_id 
    where
        o1_0.id=?
Hibernate: 
    select
        count(e1_0.id) 
    from
        events e1_0 
    left join
        users o1_0 
            on o1_0.id=e1_0.organizer_id 
    where
        o1_0.id=? 
        and e1_0.status=?
Hibernate: 
    select
        count(e1_0.id) 
    from
        events e1_0 
    left join
        users o1_0 
            on o1_0.id=e1_0.organizer_id 
    where
        o1_0.id=? 
        and e1_0.status=?
Hibernate: 
    select
        count(tt1_0.id) 
    from
        ticket_types tt1_0 
    join
        events e1_0 
            on e1_0.id=tt1_0.event_id 
    where
        e1_0.organizer_id=?
Hibernate: 
    select
        coalesce(sum(tt1_0.total_available), 0) 
    from
        ticket_types tt1_0 
    join
        events e1_0 
            on e1_0.id=tt1_0.event_id 
    where
        e1_0.organizer_id=?
Hibernate: 
    select
        coalesce(sum(t1_0.quantity), 0) 
    from
        tickets t1_0 
    join
        ticket_types tt1_0 
            on tt1_0.id=t1_0.ticket_type_id 
    join
        events e1_0 
            on e1_0.id=tt1_0.event_id 
    where
        e1_0.organizer_id=?
Hibernate: 
    select
        coalesce(sum((tt1_0.price*t1_0.quantity)), 0) 
    from
        tickets t1_0 
    join
        ticket_types tt1_0 
            on tt1_0.id=t1_0.ticket_type_id 
    join
        events e1_0 
            on e1_0.id=tt1_0.event_id 
    where
        e1_0.organizer_id=?
Hibernate: 
    select
        count(tv1_0.id) 
    from
        ticket_validations tv1_0 
    join
        tickets t1_0 
            on t1_0.id=tv1_0.ticket_id 
    join
        ticket_types tt1_0 
            on tt1_0.id=t1_0.ticket_type_id 
    join
        events e1_0 
            on e1_0.id=tt1_0.event_id 
    where
        e1_0.organizer_id=? 
        and tv1_0.status='VALID'
Hibernate: 
    select
        u1_0.id,
        u1_0.created_at,
        u1_0.email,
        u1_0.name,
        u1_0.role,
        u1_0.updated_at 
    from
        users u1_0 
    where
        u1_0.id=?
Hibernate: 
    select
        count(*) 
    from
        users u1_0 
    where
        u1_0.id=?
Hibernate: 
    select
        count(e1_0.id) 
    from
        events e1_0 
    left join
        users o1_0 
            on o1_0.id=e1_0.organizer_id 
    where
        o1_0.id=?
Hibernate: 
    select
        count(e1_0.id) 
    from
        events e1_0 
    left join
        users o1_0 
            on o1_0.id=e1_0.organizer_id 
    where
        o1_0.id=? 
        and e1_0.status=?
Hibernate: 
    select
        count(e1_0.id) 
    from
        events e1_0 
    left join
        users o1_0 
            on o1_0.id=e1_0.organizer_id 
    where
        o1_0.id=? 
        and e1_0.status=?
Hibernate: 
    select
        count(tt1_0.id) 
    from
        ticket_types tt1_0 
    join
        events e1_0 
            on e1_0.id=tt1_0.event_id 
    where
        e1_0.organizer_id=?
Hibernate: 
    select
        coalesce(sum(tt1_0.total_available), 0) 
    from
        ticket_types tt1_0 
    join
        events e1_0 
            on e1_0.id=tt1_0.event_id 
    where
        e1_0.organizer_id=?
Hibernate: 
    select
        coalesce(sum(t1_0.quantity), 0) 
    from
        tickets t1_0 
    join
        ticket_types tt1_0 
            on tt1_0.id=t1_0.ticket_type_id 
    join
        events e1_0 
            on e1_0.id=tt1_0.event_id 
    where
        e1_0.organizer_id=?
Hibernate: 
    select
        coalesce(sum((tt1_0.price*t1_0.quantity)), 0) 
    from
        tickets t1_0 
    join
        ticket_types tt1_0 
            on tt1_0.id=t1_0.ticket_type_id 
    join
        events e1_0 
            on e1_0.id=tt1_0.event_id 
    where
        e1_0.organizer_id=?
Hibernate: 
    select
        count(tv1_0.id) 
    from
        ticket_validations tv1_0 
    join
        tickets t1_0 
            on t1_0.id=tv1_0.ticket_id 
    join
        ticket_types tt1_0 
            on tt1_0.id=t1_0.ticket_type_id 
    join
        events e1_0 
            on e1_0.id=tt1_0.event_id 
    where
        e1_0.organizer_id=? 
        and tv1_0.status='VALID'
